#
# There is insufficient memory for the Java Runtime Environment to continue.
# Native memory allocation (malloc) failed to allocate 89520 bytes for Chunk::new
# Possible reasons:
#   The system is out of physical RAM or swap space
#   The process is running with CompressedOops enabled, and the Java Heap may be blocking the growth of the native heap
# Possible solutions:
#   Reduce memory load on the system
#   Increase physical memory or swap space
#   Check if swap backing store is full
#   Decrease Java heap size (-Xmx/-Xms)
#   Decrease number of Java threads
#   Decrease Java thread stack sizes (-Xss)
#   Set larger code cache with -XX:ReservedCodeCacheSize=
#   JVM is running with Unscaled Compressed Oops mode in which the Java heap is
#     placed in the first 4GB address space. The Java Heap base address is the
#     maximum limit for the native heap growth. Please use -XX:HeapBaseMinAddress
#     to set the Java Heap base and to place the Java Heap above 4GB virtual address.
# This output file may be truncated or incomplete.
#
#  Out of Memory Error (./src/hotspot/share/memory/arena.cpp:197), pid=17336, tid=17684
#
# JRE version: OpenJDK Runtime Environment JBR-11.0.12.7-1504.40-jcef (11.0.12+7) (build 11.0.12+7-b1504.40)
# Java VM: OpenJDK 64-Bit Server VM JBR-11.0.12.7-1504.40-jcef (11.0.12+7-b1504.40, mixed mode, tiered, compressed oops, g1 gc, windows-amd64)
# No core dump will be written. Minidumps are not enabled by default on client versions of Windows
#

---------------  S U M M A R Y ------------

Command Line: -Djava.rmi.server.hostname=127.0.0.1 -Duser.timezone=UTC -Xmx996m -Xms128m -Dfile.encoding=UTF-8 com.intellij.database.remote.RemoteJdbcServer com.mysql.cj.jdbc.Driver

Host: Intel(R) Core(TM) i5-1035G1 CPU @ 1.00GHz, 8 cores, 7G,  Windows 10 , 64 bit Build 19041 (10.0.19041.2546)
Time: Thu Apr 20 17:25:12 2023 India Standard Time elapsed time: 7493.904521 seconds (0d 2h 4m 53s)

---------------  T H R E A D  ---------------

Current thread (0x00000182b56c7800):  JavaThread "C2 CompilerThread0" daemon [_thread_in_native, id=17684, stack(0x0000007832b00000,0x0000007832c00000)]


Current CompileTask:
C2:7493904 3081   !   4       java.io.ObjectOutputStream::defaultWriteFields (284 bytes)

Stack: [0x0000007832b00000,0x0000007832c00000]
Native frames: (J=compiled Java code, j=interpreted, Vv=VM code, C=native code)
V  [jvm.dll+0x5ff40a]
V  [jvm.dll+0x783b65]
V  [jvm.dll+0x78517d]
V  [jvm.dll+0x785833]
V  [jvm.dll+0x249408]
V  [jvm.dll+0xc12ac]
V  [jvm.dll+0xc17dc]
V  [jvm.dll+0x2017b1]
V  [jvm.dll+0x59079d]
V  [jvm.dll+0x5942bb]
V  [jvm.dll+0x201e32]
V  [jvm.dll+0x201124]
V  [jvm.dll+0x18ae6c]
V  [jvm.dll+0x20fb97]
V  [jvm.dll+0x20e3c1]
V  [jvm.dll+0x74b88f]
V  [jvm.dll+0x744355]
V  [jvm.dll+0x5fe316]
C  [ucrtbase.dll+0x21bb2]
C  [KERNEL32.DLL+0x17614]
C  [ntdll.dll+0x526a1]


---------------  P R O C E S S  ---------------

Threads class SMR info:
_java_thread_list=0x00000182b70f1c70, length=18, elements={
0x000001829cf70000, 0x00000182b4e69800, 0x00000182b4e6d000, 0x00000182b4e66800,
0x00000182b56c4800, 0x00000182b56c5800, 0x00000182b56c7800, 0x00000182b56cd800,
0x00000182b56d1000, 0x00000182b5865800, 0x00000182b5960800, 0x00000182b587b800,
0x00000182b5cbf000, 0x00000182b5ccb800, 0x00000182b5ccc800, 0x00000182b69ba800,
0x00000182b69c3000, 0x00000182b5de2800
}

Java Threads: ( => current thread )
  0x000001829cf70000 JavaThread "main" [_thread_blocked, id=18160, stack(0x0000007831f00000,0x0000007832000000)]
  0x00000182b4e69800 JavaThread "Reference Handler" daemon [_thread_blocked, id=17688, stack(0x0000007832600000,0x0000007832700000)]
  0x00000182b4e6d000 JavaThread "Finalizer" daemon [_thread_blocked, id=3924, stack(0x0000007832700000,0x0000007832800000)]
  0x00000182b4e66800 JavaThread "Signal Dispatcher" daemon [_thread_blocked, id=14136, stack(0x0000007832800000,0x0000007832900000)]
  0x00000182b56c4800 JavaThread "Attach Listener" daemon [_thread_blocked, id=16936, stack(0x0000007832900000,0x0000007832a00000)]
  0x00000182b56c5800 JavaThread "Service Thread" daemon [_thread_blocked, id=7340, stack(0x0000007832a00000,0x0000007832b00000)]
=>0x00000182b56c7800 JavaThread "C2 CompilerThread0" daemon [_thread_in_native, id=17684, stack(0x0000007832b00000,0x0000007832c00000)]
  0x00000182b56cd800 JavaThread "C1 CompilerThread0" daemon [_thread_blocked, id=15000, stack(0x0000007832c00000,0x0000007832d00000)]
  0x00000182b56d1000 JavaThread "Sweeper thread" daemon [_thread_blocked, id=3132, stack(0x0000007832d00000,0x0000007832e00000)]
  0x00000182b5865800 JavaThread "Common-Cleaner" daemon [_thread_blocked, id=12592, stack(0x0000007832f00000,0x0000007833000000)]
  0x00000182b5960800 JavaThread "mysql-cj-abandoned-connection-cleanup" daemon [_thread_blocked, id=8980, stack(0x0000007833100000,0x0000007833200000)]
  0x00000182b587b800 JavaThread "RMI TCP Accept-33606" daemon [_thread_in_native, id=5088, stack(0x0000007833000000,0x0000007833100000)]
  0x00000182b5cbf000 JavaThread "RMI TCP Accept-0" daemon [_thread_in_native, id=11332, stack(0x0000007833200000,0x0000007833300000)]
  0x00000182b5ccb800 JavaThread "RMI Reaper" [_thread_blocked, id=15668, stack(0x0000007833300000,0x0000007833400000)]
  0x00000182b5ccc800 JavaThread "RMI GC Daemon" daemon [_thread_blocked, id=14960, stack(0x0000007833400000,0x0000007833500000)]
  0x00000182b69ba800 JavaThread "RMI TCP Connection(1)-127.0.0.1" daemon [_thread_in_native, id=14012, stack(0x0000007833700000,0x0000007833800000)]
  0x00000182b69c3000 JavaThread "RMI Scheduler(0)" daemon [_thread_blocked, id=15784, stack(0x0000007833800000,0x0000007833900000)]
  0x00000182b5de2800 JavaThread "RMI TCP Connection(2)-127.0.0.1" daemon [_thread_in_native, id=5332, stack(0x0000007833900000,0x0000007833a00000)]

Other Threads:
  0x00000182b5680800 VMThread "VM Thread" [stack: 0x0000007832500000,0x0000007832600000] [id=4324]
  0x00000182b584f000 WatcherThread [stack: 0x0000007832e00000,0x0000007832f00000] [id=17216]
  0x000001829cf83000 GCTaskThread "GC Thread#0" [stack: 0x0000007832000000,0x0000007832100000] [id=12412]
  0x00000182b6979800 GCTaskThread "GC Thread#1" [stack: 0x0000007833600000,0x0000007833700000] [id=18140]
  0x00000182b697a000 GCTaskThread "GC Thread#2" [stack: 0x0000007833a00000,0x0000007833b00000] [id=12408]
  0x00000182b5e50000 GCTaskThread "GC Thread#3" [stack: 0x0000007833b00000,0x0000007833c00000] [id=1068]
  0x00000182b9a10800 GCTaskThread "GC Thread#4" [stack: 0x0000007833500000,0x0000007833600000] [id=3388]
  0x00000182b6004800 GCTaskThread "GC Thread#5" [stack: 0x0000007833d00000,0x0000007833e00000] [id=11436]
  0x00000182b6f28000 GCTaskThread "GC Thread#6" [stack: 0x0000007834000000,0x0000007834100000] [id=17052]
  0x00000182b6f28800 GCTaskThread "GC Thread#7" [stack: 0x0000007834100000,0x0000007834200000] [id=10100]
  0x000001829cfa0800 ConcurrentGCThread "G1 Main Marker" [stack: 0x0000007832100000,0x0000007832200000] [id=16796]
  0x000001829cfa2000 ConcurrentGCThread "G1 Conc#0" [stack: 0x0000007832200000,0x0000007832300000] [id=1932]
  0x00000182b5990000 ConcurrentGCThread "G1 Conc#1" [stack: 0x0000007833c00000,0x0000007833d00000] [id=17284]
  0x000001829d049000 ConcurrentGCThread "G1 Refine#0" [stack: 0x0000007832300000,0x0000007832400000] [id=8072]
  0x000001829d04b000 ConcurrentGCThread "G1 Young RemSet Sampling" [stack: 0x0000007832400000,0x0000007832500000] [id=8648]

Threads with active compile tasks:
C2 CompilerThread07493939 3081   !   4       java.io.ObjectOutputStream::defaultWriteFields (284 bytes)

VM state:not at safepoint (normal execution)

VM Mutex/Monitor currently owned by a thread: None

Heap address: 0x00000000c1c00000, size: 996 MB, Compressed Oops mode: 32-bit
Narrow klass base: 0x0000000000000000, Narrow klass shift: 3
Compressed class space size: 1073741824 Address: 0x0000000100000000

Heap:
 garbage-first heap   total 131072K, used 13607K [0x00000000c1c00000, 0x0000000100000000)
  region size 1024K, 7 young (7168K), 0 survivors (0K)
 Metaspace       used 22476K, capacity 23215K, committed 23344K, reserved 1071104K
  class space    used 2312K, capacity 2571K, committed 2688K, reserved 1048576K
Heap Regions: E=young(eden), S=young(survivor), O=old, HS=humongous(starts), HC=humongous(continues), CS=collection set, F=free, A=archive, TAMS=top-at-mark-start (previous, next)
|   0|0x00000000c1c00000, 0x00000000c1d00000, 0x00000000c1d00000|100%|HS|  |TAMS 0x00000000c1c00000, 0x00000000c1c00000| Untracked 
|   1|0x00000000c1d00000, 0x00000000c1df3900, 0x00000000c1e00000| 95%| O|  |TAMS 0x00000000c1d00000, 0x00000000c1d00000| Untracked 
|   2|0x00000000c1e00000, 0x00000000c1f00000, 0x00000000c1f00000|100%| O|  |TAMS 0x00000000c1e00000, 0x00000000c1e00000| Untracked 
|   3|0x00000000c1f00000, 0x00000000c1fffff0, 0x00000000c2000000| 99%| O|  |TAMS 0x00000000c1f00000, 0x00000000c1f00000| Untracked 
|   4|0x00000000c2000000, 0x00000000c20ffff8, 0x00000000c2100000| 99%| O|  |TAMS 0x00000000c2000000, 0x00000000c2000000| Untracked 
|   5|0x00000000c2100000, 0x00000000c21ffff8, 0x00000000c2200000| 99%| O|  |TAMS 0x00000000c2100000, 0x00000000c2100000| Untracked 
|   6|0x00000000c2200000, 0x00000000c223c308, 0x00000000c2300000| 23%| O|  |TAMS 0x00000000c2200000, 0x00000000c2200000| Untracked 
|   7|0x00000000c2300000, 0x00000000c2300000, 0x00000000c2400000|  0%| F|  |TAMS 0x00000000c2300000, 0x00000000c2300000| Untracked 
|   8|0x00000000c2400000, 0x00000000c2400000, 0x00000000c2500000|  0%| F|  |TAMS 0x00000000c2400000, 0x00000000c2400000| Untracked 
|   9|0x00000000c2500000, 0x00000000c2500000, 0x00000000c2600000|  0%| F|  |TAMS 0x00000000c2500000, 0x00000000c2500000| Untracked 
|  10|0x00000000c2600000, 0x00000000c2600000, 0x00000000c2700000|  0%| F|  |TAMS 0x00000000c2600000, 0x00000000c2600000| Untracked 
|  11|0x00000000c2700000, 0x00000000c2700000, 0x00000000c2800000|  0%| F|  |TAMS 0x00000000c2700000, 0x00000000c2700000| Untracked 
|  12|0x00000000c2800000, 0x00000000c2800000, 0x00000000c2900000|  0%| F|  |TAMS 0x00000000c2800000, 0x00000000c2800000| Untracked 
|  13|0x00000000c2900000, 0x00000000c2900000, 0x00000000c2a00000|  0%| F|  |TAMS 0x00000000c2900000, 0x00000000c2900000| Untracked 
|  14|0x00000000c2a00000, 0x00000000c2a00000, 0x00000000c2b00000|  0%| F|  |TAMS 0x00000000c2a00000, 0x00000000c2a00000| Untracked 
|  15|0x00000000c2b00000, 0x00000000c2b00000, 0x00000000c2c00000|  0%| F|  |TAMS 0x00000000c2b00000, 0x00000000c2b00000| Untracked 
|  16|0x00000000c2c00000, 0x00000000c2c00000, 0x00000000c2d00000|  0%| F|  |TAMS 0x00000000c2c00000, 0x00000000c2c00000| Untracked 
|  17|0x00000000c2d00000, 0x00000000c2d00000, 0x00000000c2e00000|  0%| F|  |TAMS 0x00000000c2d00000, 0x00000000c2d00000| Untracked 
|  18|0x00000000c2e00000, 0x00000000c2e00000, 0x00000000c2f00000|  0%| F|  |TAMS 0x00000000c2e00000, 0x00000000c2e00000| Untracked 
|  19|0x00000000c2f00000, 0x00000000c2f00000, 0x00000000c3000000|  0%| F|  |TAMS 0x00000000c2f00000, 0x00000000c2f00000| Untracked 
|  20|0x00000000c3000000, 0x00000000c3000000, 0x00000000c3100000|  0%| F|  |TAMS 0x00000000c3000000, 0x00000000c3000000| Untracked 
|  21|0x00000000c3100000, 0x00000000c3100000, 0x00000000c3200000|  0%| F|  |TAMS 0x00000000c3100000, 0x00000000c3100000| Untracked 
|  22|0x00000000c3200000, 0x00000000c3200000, 0x00000000c3300000|  0%| F|  |TAMS 0x00000000c3200000, 0x00000000c3200000| Untracked 
|  23|0x00000000c3300000, 0x00000000c33a16c0, 0x00000000c3400000| 63%| O|  |TAMS 0x00000000c3300000, 0x00000000c3300000| Untracked 
|  24|0x00000000c3400000, 0x00000000c3400000, 0x00000000c3500000|  0%| F|  |TAMS 0x00000000c3400000, 0x00000000c3400000| Untracked 
|  25|0x00000000c3500000, 0x00000000c3500000, 0x00000000c3600000|  0%| F|  |TAMS 0x00000000c3500000, 0x00000000c3500000| Untracked 
|  26|0x00000000c3600000, 0x00000000c3600000, 0x00000000c3700000|  0%| F|  |TAMS 0x00000000c3600000, 0x00000000c3600000| Untracked 
|  27|0x00000000c3700000, 0x00000000c3700000, 0x00000000c3800000|  0%| F|  |TAMS 0x00000000c3700000, 0x00000000c3700000| Untracked 
|  28|0x00000000c3800000, 0x00000000c3800000, 0x00000000c3900000|  0%| F|  |TAMS 0x00000000c3800000, 0x00000000c3800000| Untracked 
|  29|0x00000000c3900000, 0x00000000c3900000, 0x00000000c3a00000|  0%| F|  |TAMS 0x00000000c3900000, 0x00000000c3900000| Untracked 
|  30|0x00000000c3a00000, 0x00000000c3a00000, 0x00000000c3b00000|  0%| F|  |TAMS 0x00000000c3a00000, 0x00000000c3a00000| Untracked 
|  31|0x00000000c3b00000, 0x00000000c3b00000, 0x00000000c3c00000|  0%| F|  |TAMS 0x00000000c3b00000, 0x00000000c3b00000| Untracked 
|  32|0x00000000c3c00000, 0x00000000c3c00000, 0x00000000c3d00000|  0%| F|  |TAMS 0x00000000c3c00000, 0x00000000c3c00000| Untracked 
|  33|0x00000000c3d00000, 0x00000000c3d00000, 0x00000000c3e00000|  0%| F|  |TAMS 0x00000000c3d00000, 0x00000000c3d00000| Untracked 
|  34|0x00000000c3e00000, 0x00000000c3e00000, 0x00000000c3f00000|  0%| F|  |TAMS 0x00000000c3e00000, 0x00000000c3e00000| Untracked 
|  35|0x00000000c3f00000, 0x00000000c3f00000, 0x00000000c4000000|  0%| F|  |TAMS 0x00000000c3f00000, 0x00000000c3f00000| Untracked 
|  36|0x00000000c4000000, 0x00000000c4000000, 0x00000000c4100000|  0%| F|  |TAMS 0x00000000c4000000, 0x00000000c4000000| Untracked 
|  37|0x00000000c4100000, 0x00000000c4100000, 0x00000000c4200000|  0%| F|  |TAMS 0x00000000c4100000, 0x00000000c4100000| Untracked 
|  38|0x00000000c4200000, 0x00000000c4200000, 0x00000000c4300000|  0%| F|  |TAMS 0x00000000c4200000, 0x00000000c4200000| Untracked 
|  39|0x00000000c4300000, 0x00000000c4300000, 0x00000000c4400000|  0%| F|  |TAMS 0x00000000c4300000, 0x00000000c4300000| Untracked 
|  40|0x00000000c4400000, 0x00000000c4400000, 0x00000000c4500000|  0%| F|  |TAMS 0x00000000c4400000, 0x00000000c4400000| Untracked 
|  41|0x00000000c4500000, 0x00000000c4500000, 0x00000000c4600000|  0%| F|  |TAMS 0x00000000c4500000, 0x00000000c4500000| Untracked 
|  42|0x00000000c4600000, 0x00000000c4600000, 0x00000000c4700000|  0%| F|  |TAMS 0x00000000c4600000, 0x00000000c4600000| Untracked 
|  43|0x00000000c4700000, 0x00000000c4700000, 0x00000000c4800000|  0%| F|  |TAMS 0x00000000c4700000, 0x00000000c4700000| Untracked 
|  44|0x00000000c4800000, 0x00000000c4800000, 0x00000000c4900000|  0%| F|  |TAMS 0x00000000c4800000, 0x00000000c4800000| Untracked 
|  45|0x00000000c4900000, 0x00000000c4900000, 0x00000000c4a00000|  0%| F|  |TAMS 0x00000000c4900000, 0x00000000c4900000| Untracked 
|  46|0x00000000c4a00000, 0x00000000c4a00000, 0x00000000c4b00000|  0%| F|  |TAMS 0x00000000c4a00000, 0x00000000c4a00000| Untracked 
|  47|0x00000000c4b00000, 0x00000000c4b00000, 0x00000000c4c00000|  0%| F|  |TAMS 0x00000000c4b00000, 0x00000000c4b00000| Untracked 
|  48|0x00000000c4c00000, 0x00000000c4c00000, 0x00000000c4d00000|  0%| F|  |TAMS 0x00000000c4c00000, 0x00000000c4c00000| Untracked 
|  49|0x00000000c4d00000, 0x00000000c4d00000, 0x00000000c4e00000|  0%| F|  |TAMS 0x00000000c4d00000, 0x00000000c4d00000| Untracked 
|  50|0x00000000c4e00000, 0x00000000c4e00000, 0x00000000c4f00000|  0%| F|  |TAMS 0x00000000c4e00000, 0x00000000c4e00000| Untracked 
|  51|0x00000000c4f00000, 0x00000000c4f00000, 0x00000000c5000000|  0%| F|  |TAMS 0x00000000c4f00000, 0x00000000c4f00000| Untracked 
|  52|0x00000000c5000000, 0x00000000c5000000, 0x00000000c5100000|  0%| F|  |TAMS 0x00000000c5000000, 0x00000000c5000000| Untracked 
|  53|0x00000000c5100000, 0x00000000c5100000, 0x00000000c5200000|  0%| F|  |TAMS 0x00000000c5100000, 0x00000000c5100000| Untracked 
|  54|0x00000000c5200000, 0x00000000c5200000, 0x00000000c5300000|  0%| F|  |TAMS 0x00000000c5200000, 0x00000000c5200000| Untracked 
|  55|0x00000000c5300000, 0x00000000c5300000, 0x00000000c5400000|  0%| F|  |TAMS 0x00000000c5300000, 0x00000000c5300000| Untracked 
|  56|0x00000000c5400000, 0x00000000c5400000, 0x00000000c5500000|  0%| F|  |TAMS 0x00000000c5400000, 0x00000000c5400000| Untracked 
|  57|0x00000000c5500000, 0x00000000c5500000, 0x00000000c5600000|  0%| F|  |TAMS 0x00000000c5500000, 0x00000000c5500000| Untracked 
|  58|0x00000000c5600000, 0x00000000c5600000, 0x00000000c5700000|  0%| F|  |TAMS 0x00000000c5600000, 0x00000000c5600000| Untracked 
|  59|0x00000000c5700000, 0x00000000c5700000, 0x00000000c5800000|  0%| F|  |TAMS 0x00000000c5700000, 0x00000000c5700000| Untracked 
|  60|0x00000000c5800000, 0x00000000c5800000, 0x00000000c5900000|  0%| F|  |TAMS 0x00000000c5800000, 0x00000000c5800000| Untracked 
|  61|0x00000000c5900000, 0x00000000c5900000, 0x00000000c5a00000|  0%| F|  |TAMS 0x00000000c5900000, 0x00000000c5900000| Untracked 
|  62|0x00000000c5a00000, 0x00000000c5a00000, 0x00000000c5b00000|  0%| F|  |TAMS 0x00000000c5a00000, 0x00000000c5a00000| Untracked 
|  63|0x00000000c5b00000, 0x00000000c5b00000, 0x00000000c5c00000|  0%| F|  |TAMS 0x00000000c5b00000, 0x00000000c5b00000| Untracked 
|  64|0x00000000c5c00000, 0x00000000c5c00000, 0x00000000c5d00000|  0%| F|  |TAMS 0x00000000c5c00000, 0x00000000c5c00000| Untracked 
|  65|0x00000000c5d00000, 0x00000000c5d00000, 0x00000000c5e00000|  0%| F|  |TAMS 0x00000000c5d00000, 0x00000000c5d00000| Untracked 
|  66|0x00000000c5e00000, 0x00000000c5e00000, 0x00000000c5f00000|  0%| F|  |TAMS 0x00000000c5e00000, 0x00000000c5e00000| Untracked 
|  67|0x00000000c5f00000, 0x00000000c5f00000, 0x00000000c6000000|  0%| F|  |TAMS 0x00000000c5f00000, 0x00000000c5f00000| Untracked 
|  68|0x00000000c6000000, 0x00000000c6000000, 0x00000000c6100000|  0%| F|  |TAMS 0x00000000c6000000, 0x00000000c6000000| Untracked 
|  69|0x00000000c6100000, 0x00000000c6100000, 0x00000000c6200000|  0%| F|  |TAMS 0x00000000c6100000, 0x00000000c6100000| Untracked 
|  70|0x00000000c6200000, 0x00000000c6200000, 0x00000000c6300000|  0%| F|  |TAMS 0x00000000c6200000, 0x00000000c6200000| Untracked 
|  71|0x00000000c6300000, 0x00000000c6300000, 0x00000000c6400000|  0%| F|  |TAMS 0x00000000c6300000, 0x00000000c6300000| Untracked 
|  72|0x00000000c6400000, 0x00000000c6400000, 0x00000000c6500000|  0%| F|  |TAMS 0x00000000c6400000, 0x00000000c6400000| Untracked 
|  73|0x00000000c6500000, 0x00000000c6500000, 0x00000000c6600000|  0%| F|  |TAMS 0x00000000c6500000, 0x00000000c6500000| Untracked 
|  74|0x00000000c6600000, 0x00000000c6677508, 0x00000000c6700000| 46%| O|  |TAMS 0x00000000c6600000, 0x00000000c6600000| Untracked 
|  75|0x00000000c6700000, 0x00000000c6700000, 0x00000000c6800000|  0%| F|  |TAMS 0x00000000c6700000, 0x00000000c6700000| Untracked 
|  76|0x00000000c6800000, 0x00000000c6800000, 0x00000000c6900000|  0%| F|  |TAMS 0x00000000c6800000, 0x00000000c6800000| Untracked 
|  77|0x00000000c6900000, 0x00000000c6900000, 0x00000000c6a00000|  0%| F|  |TAMS 0x00000000c6900000, 0x00000000c6900000| Untracked 
|  78|0x00000000c6a00000, 0x00000000c6a00000, 0x00000000c6b00000|  0%| F|  |TAMS 0x00000000c6a00000, 0x00000000c6a00000| Untracked 
|  79|0x00000000c6b00000, 0x00000000c6b00000, 0x00000000c6c00000|  0%| F|  |TAMS 0x00000000c6b00000, 0x00000000c6b00000| Untracked 
|  80|0x00000000c6c00000, 0x00000000c6c00000, 0x00000000c6d00000|  0%| F|  |TAMS 0x00000000c6c00000, 0x00000000c6c00000| Untracked 
|  81|0x00000000c6d00000, 0x00000000c6d00000, 0x00000000c6e00000|  0%| F|  |TAMS 0x00000000c6d00000, 0x00000000c6d00000| Untracked 
|  82|0x00000000c6e00000, 0x00000000c6e00000, 0x00000000c6f00000|  0%| F|  |TAMS 0x00000000c6e00000, 0x00000000c6e00000| Untracked 
|  83|0x00000000c6f00000, 0x00000000c6f00000, 0x00000000c7000000|  0%| F|  |TAMS 0x00000000c6f00000, 0x00000000c6f00000| Untracked 
|  84|0x00000000c7000000, 0x00000000c7000000, 0x00000000c7100000|  0%| F|  |TAMS 0x00000000c7000000, 0x00000000c7000000| Untracked 
|  85|0x00000000c7100000, 0x00000000c7100000, 0x00000000c7200000|  0%| F|  |TAMS 0x00000000c7100000, 0x00000000c7100000| Untracked 
|  86|0x00000000c7200000, 0x00000000c7200000, 0x00000000c7300000|  0%| F|  |TAMS 0x00000000c7200000, 0x00000000c7200000| Untracked 
|  87|0x00000000c7300000, 0x00000000c7300000, 0x00000000c7400000|  0%| F|  |TAMS 0x00000000c7300000, 0x00000000c7300000| Untracked 
|  88|0x00000000c7400000, 0x00000000c7400000, 0x00000000c7500000|  0%| F|  |TAMS 0x00000000c7400000, 0x00000000c7400000| Untracked 
|  89|0x00000000c7500000, 0x00000000c7500000, 0x00000000c7600000|  0%| F|  |TAMS 0x00000000c7500000, 0x00000000c7500000| Untracked 
|  90|0x00000000c7600000, 0x00000000c7600000, 0x00000000c7700000|  0%| F|  |TAMS 0x00000000c7600000, 0x00000000c7600000| Untracked 
|  91|0x00000000c7700000, 0x00000000c7700000, 0x00000000c7800000|  0%| F|  |TAMS 0x00000000c7700000, 0x00000000c7700000| Untracked 
|  92|0x00000000c7800000, 0x00000000c7800000, 0x00000000c7900000|  0%| F|  |TAMS 0x00000000c7800000, 0x00000000c7800000| Untracked 
|  93|0x00000000c7900000, 0x00000000c7900000, 0x00000000c7a00000|  0%| F|  |TAMS 0x00000000c7900000, 0x00000000c7900000| Untracked 
|  94|0x00000000c7a00000, 0x00000000c7a00000, 0x00000000c7b00000|  0%| F|  |TAMS 0x00000000c7a00000, 0x00000000c7a00000| Untracked 
|  95|0x00000000c7b00000, 0x00000000c7b00000, 0x00000000c7c00000|  0%| F|  |TAMS 0x00000000c7b00000, 0x00000000c7b00000| Untracked 
|  96|0x00000000c7c00000, 0x00000000c7c00000, 0x00000000c7d00000|  0%| F|  |TAMS 0x00000000c7c00000, 0x00000000c7c00000| Untracked 
|  97|0x00000000c7d00000, 0x00000000c7d00000, 0x00000000c7e00000|  0%| F|  |TAMS 0x00000000c7d00000, 0x00000000c7d00000| Untracked 
|  98|0x00000000c7e00000, 0x00000000c7e00000, 0x00000000c7f00000|  0%| F|  |TAMS 0x00000000c7e00000, 0x00000000c7e00000| Untracked 
|  99|0x00000000c7f00000, 0x00000000c7f00000, 0x00000000c8000000|  0%| F|  |TAMS 0x00000000c7f00000, 0x00000000c7f00000| Untracked 
| 100|0x00000000c8000000, 0x00000000c80016b8, 0x00000000c8100000|  0%| O|  |TAMS 0x00000000c8000000, 0x00000000c8000000| Untracked 
| 101|0x00000000c8100000, 0x00000000c8100000, 0x00000000c8200000|  0%| F|  |TAMS 0x00000000c8100000, 0x00000000c8100000| Untracked 
| 102|0x00000000c8200000, 0x00000000c8200000, 0x00000000c8300000|  0%| F|  |TAMS 0x00000000c8200000, 0x00000000c8200000| Untracked 
| 103|0x00000000c8300000, 0x00000000c8300000, 0x00000000c8400000|  0%| F|  |TAMS 0x00000000c8300000, 0x00000000c8300000| Untracked 
| 104|0x00000000c8400000, 0x00000000c8400000, 0x00000000c8500000|  0%| F|  |TAMS 0x00000000c8400000, 0x00000000c8400000| Untracked 
| 105|0x00000000c8500000, 0x00000000c8500000, 0x00000000c8600000|  0%| F|  |TAMS 0x00000000c8500000, 0x00000000c8500000| Untracked 
| 106|0x00000000c8600000, 0x00000000c8600000, 0x00000000c8700000|  0%| F|  |TAMS 0x00000000c8600000, 0x00000000c8600000| Untracked 
| 107|0x00000000c8700000, 0x00000000c8700000, 0x00000000c8800000|  0%| F|  |TAMS 0x00000000c8700000, 0x00000000c8700000| Untracked 
| 108|0x00000000c8800000, 0x00000000c8800000, 0x00000000c8900000|  0%| F|  |TAMS 0x00000000c8800000, 0x00000000c8800000| Untracked 
| 109|0x00000000c8900000, 0x00000000c8900000, 0x00000000c8a00000|  0%| F|  |TAMS 0x00000000c8900000, 0x00000000c8900000| Untracked 
| 110|0x00000000c8a00000, 0x00000000c8a00000, 0x00000000c8b00000|  0%| F|  |TAMS 0x00000000c8a00000, 0x00000000c8a00000| Untracked 
| 111|0x00000000c8b00000, 0x00000000c8b00000, 0x00000000c8c00000|  0%| F|  |TAMS 0x00000000c8b00000, 0x00000000c8b00000| Untracked 
| 112|0x00000000c8c00000, 0x00000000c8c00000, 0x00000000c8d00000|  0%| F|  |TAMS 0x00000000c8c00000, 0x00000000c8c00000| Untracked 
| 113|0x00000000c8d00000, 0x00000000c8d00000, 0x00000000c8e00000|  0%| F|  |TAMS 0x00000000c8d00000, 0x00000000c8d00000| Untracked 
| 114|0x00000000c8e00000, 0x00000000c8e00000, 0x00000000c8f00000|  0%| F|  |TAMS 0x00000000c8e00000, 0x00000000c8e00000| Untracked 
| 115|0x00000000c8f00000, 0x00000000c8f00000, 0x00000000c9000000|  0%| F|  |TAMS 0x00000000c8f00000, 0x00000000c8f00000| Untracked 
| 116|0x00000000c9000000, 0x00000000c9000000, 0x00000000c9100000|  0%| F|  |TAMS 0x00000000c9000000, 0x00000000c9000000| Untracked 
| 117|0x00000000c9100000, 0x00000000c9100000, 0x00000000c9200000|  0%| F|  |TAMS 0x00000000c9100000, 0x00000000c9100000| Untracked 
| 118|0x00000000c9200000, 0x00000000c9200000, 0x00000000c9300000|  0%| F|  |TAMS 0x00000000c9200000, 0x00000000c9200000| Untracked 
| 119|0x00000000c9300000, 0x00000000c9300000, 0x00000000c9400000|  0%| F|  |TAMS 0x00000000c9300000, 0x00000000c9300000| Untracked 
| 120|0x00000000c9400000, 0x00000000c9400000, 0x00000000c9500000|  0%| F|  |TAMS 0x00000000c9400000, 0x00000000c9400000| Untracked 
| 121|0x00000000c9500000, 0x00000000c95b7d58, 0x00000000c9600000| 71%| E|  |TAMS 0x00000000c9500000, 0x00000000c9500000| Complete 
| 122|0x00000000c9600000, 0x00000000c9700000, 0x00000000c9700000|100%| E|CS|TAMS 0x00000000c9600000, 0x00000000c9600000| Complete 
| 123|0x00000000c9700000, 0x00000000c9800000, 0x00000000c9800000|100%| E|CS|TAMS 0x00000000c9700000, 0x00000000c9700000| Complete 
| 124|0x00000000c9800000, 0x00000000c9900000, 0x00000000c9900000|100%| E|CS|TAMS 0x00000000c9800000, 0x00000000c9800000| Complete 
| 125|0x00000000c9900000, 0x00000000c9a00000, 0x00000000c9a00000|100%| E|CS|TAMS 0x00000000c9900000, 0x00000000c9900000| Complete 
| 126|0x00000000c9a00000, 0x00000000c9b00000, 0x00000000c9b00000|100%| E|CS|TAMS 0x00000000c9a00000, 0x00000000c9a00000| Complete 
| 127|0x00000000c9b00000, 0x00000000c9c00000, 0x00000000c9c00000|100%| E|CS|TAMS 0x00000000c9b00000, 0x00000000c9b00000| Complete 

Card table byte_map: [0x00000182b00e0000,0x00000182b02e0000] _byte_map_base: 0x00000182afad2000

Marking Bits (Prev, Next): (CMBitMap*) 0x000001829cf9acb0, (CMBitMap*) 0x000001829cf9ac78
 Prev Bits: [0x00000182b1470000, 0x00000182b2400000)
 Next Bits: [0x00000182b04e0000, 0x00000182b1470000)

Polling page: 0x000001829af20000

Metaspace:

Usage:
  Non-class:     20.16 MB capacity,    19.69 MB ( 98%) used,   410.27 KB (  2%) free+waste,    70.38 KB ( <1%) overhead. 
      Class:      2.51 MB capacity,     2.26 MB ( 90%) used,   224.73 KB (  9%) free+waste,    33.31 KB (  1%) overhead. 
       Both:     22.67 MB capacity,    21.95 MB ( 97%) used,   635.00 KB (  3%) free+waste,   103.69 KB ( <1%) overhead. 

Virtual space:
  Non-class space:       22.00 MB reserved,      20.17 MB ( 92%) committed 
      Class space:        1.00 GB reserved,       2.63 MB ( <1%) committed 
             Both:        1.02 GB reserved,      22.80 MB (  2%) committed 

Chunk freelists:
   Non-Class:  12.00 KB
       Class:  2.00 KB
        Both:  14.00 KB

MaxMetaspaceSize: 17179869184.00 GB
CompressedClassSpaceSize: 1.00 GB
Initial GC threshold: 20.80 MB
Current GC threshold: 38.00 MB
CDS: off

CodeHeap 'non-profiled nmethods': size=120000Kb used=1714Kb max_used=1714Kb free=118285Kb
 bounds [0x00000182a8680000, 0x00000182a88f0000, 0x00000182afbb0000]
CodeHeap 'profiled nmethods': size=120000Kb used=6594Kb max_used=6594Kb free=113405Kb
 bounds [0x00000182a1150000, 0x00000182a17d0000, 0x00000182a8680000]
CodeHeap 'non-nmethods': size=5760Kb used=1255Kb max_used=1341Kb free=4505Kb
 bounds [0x00000182a0bb0000, 0x00000182a0e20000, 0x00000182a1150000]
 total_blobs=3541 nmethods=3024 adapters=429
 compilation: enabled
              stopped_count=0, restarted_count=0
 full_count=0

Compilation events (20 events):
Event: 6438.208 Thread 0x00000182b56c7800 nmethod 3071 0x00000182a881e710 code [0x00000182a881e8a0, 0x00000182a881e918]
Event: 6629.953 Thread 0x00000182b56c7800 3072   !   4       java.io.ObjectInputStream::readSerialData (563 bytes)
Event: 6630.161 Thread 0x00000182b56c7800 nmethod 3072 0x00000182a881ea10 code [0x00000182a881ee00, 0x00000182a8823108]
Event: 6671.141 Thread 0x00000182b56c7800 3073       4       jdk.internal.loader.URLClassPath$JarLoader::findResource (18 bytes)
Event: 6671.169 Thread 0x00000182b56c7800 nmethod 3073 0x00000182a8826010 code [0x00000182a88261c0, 0x00000182a8826268]
Event: 6808.317 Thread 0x00000182b56c7800 3074       4       java.rmi.server.UID::read (34 bytes)
Event: 6808.383 Thread 0x00000182b56c7800 nmethod 3074 0x00000182a8826390 code [0x00000182a8826740, 0x00000182a8827ca0]
Event: 6836.826 Thread 0x00000182b56c7800 3075       4       java.io.ObjectStreamClass$FieldReflector::setObjFieldValues (259 bytes)
Event: 6836.861 Thread 0x00000182b56c7800 nmethod 3075 0x00000182a8829210 code [0x00000182a88293c0, 0x00000182a8829b98]
Event: 6976.819 Thread 0x00000182b56c7800 3076   !   4       jdk.internal.loader.URLClassPath$JarLoader::getResource (353 bytes)
Event: 6976.886 Thread 0x00000182b56c7800 nmethod 3076 0x00000182a882a010 code [0x00000182a882a220, 0x00000182a882b918]
Event: 7198.344 Thread 0x00000182b56cd800 3077  s    3       java.util.Hashtable::remove (133 bytes)
Event: 7198.346 Thread 0x00000182b56cd800 nmethod 3077 0x00000182a17baa90 code [0x00000182a17baca0, 0x00000182a17bb538]
Event: 7395.607 Thread 0x00000182b56cd800 3078  s    3       sun.rmi.transport.Target::refSetRemove (117 bytes)
Event: 7395.628 Thread 0x00000182b56cd800 nmethod 3078 0x00000182a17bb790 code [0x00000182a17bbce0, 0x00000182a17bf428]
Event: 7395.628 Thread 0x00000182b56cd800 3079  s    3       java.util.Vector::removeElement (29 bytes)
Event: 7395.628 Thread 0x00000182b56cd800 nmethod 3079 0x00000182a17c0390 code [0x00000182a17c0580, 0x00000182a17c0998]
Event: 7457.484 Thread 0x00000182b56c7800 3080       4       java.rmi.server.UID::hashCode (11 bytes)
Event: 7457.485 Thread 0x00000182b56c7800 nmethod 3080 0x00000182a882c610 code [0x00000182a882c7a0, 0x00000182a882c818]
Event: 7493.519 Thread 0x00000182b56c7800 3081   !   4       java.io.ObjectOutputStream::defaultWriteFields (284 bytes)

GC Heap History (10 events):
Event: 2.538 GC heap before
{Heap before GC invocations=0 (full 0):
 garbage-first heap   total 131072K, used 24576K [0x00000000c1c00000, 0x0000000100000000)
  region size 1024K, 24 young (24576K), 0 survivors (0K)
 Metaspace       used 15693K, capacity 16236K, committed 16512K, reserved 1064960K
  class space    used 1669K, capacity 1881K, committed 1920K, reserved 1048576K
}
Event: 2.618 GC heap after
{Heap after GC invocations=1 (full 0):
 garbage-first heap   total 131072K, used 6076K [0x00000000c1c00000, 0x0000000100000000)
  region size 1024K, 3 young (3072K), 3 survivors (3072K)
 Metaspace       used 15693K, capacity 16236K, committed 16512K, reserved 1064960K
  class space    used 1669K, capacity 1881K, committed 1920K, reserved 1048576K
}
Event: 6.870 GC heap before
{Heap before GC invocations=1 (full 0):
 garbage-first heap   total 131072K, used 16316K [0x00000000c1c00000, 0x0000000100000000)
  region size 1024K, 13 young (13312K), 3 survivors (3072K)
 Metaspace       used 20441K, capacity 20989K, committed 21120K, reserved 1069056K
  class space    used 2193K, capacity 2416K, committed 2432K, reserved 1048576K
}
Event: 6.936 GC heap after
{Heap after GC invocations=2 (full 0):
 garbage-first heap   total 131072K, used 7539K [0x00000000c1c00000, 0x0000000100000000)
  region size 1024K, 1 young (1024K), 1 survivors (1024K)
 Metaspace       used 20441K, capacity 20989K, committed 21120K, reserved 1069056K
  class space    used 2193K, capacity 2416K, committed 2432K, reserved 1048576K
}
Event: 9.811 GC heap before
{Heap before GC invocations=2 (full 0):
 garbage-first heap   total 131072K, used 12659K [0x00000000c1c00000, 0x0000000100000000)
  region size 1024K, 7 young (7168K), 1 survivors (1024K)
 Metaspace       used 20695K, capacity 21211K, committed 21296K, reserved 1069056K
  class space    used 2200K, capacity 2420K, committed 2432K, reserved 1048576K
}
Event: 9.844 GC heap after
{Heap after GC invocations=3 (full 0):
 garbage-first heap   total 131072K, used 7825K [0x00000000c1c00000, 0x0000000100000000)
  region size 1024K, 2 young (2048K), 2 survivors (2048K)
 Metaspace       used 20695K, capacity 21211K, committed 21296K, reserved 1069056K
  class space    used 2200K, capacity 2420K, committed 2432K, reserved 1048576K
}
Event: 606.513 GC heap before
{Heap before GC invocations=4 (full 0):
 garbage-first heap   total 131072K, used 28305K [0x00000000c1c00000, 0x0000000100000000)
  region size 1024K, 22 young (22528K), 2 survivors (2048K)
 Metaspace       used 22077K, capacity 22838K, committed 23088K, reserved 1069056K
  class space    used 2308K, capacity 2563K, committed 2688K, reserved 1048576K
}
Event: 606.515 GC heap after
{Heap after GC invocations=5 (full 0):
 garbage-first heap   total 131072K, used 8148K [0x00000000c1c00000, 0x0000000100000000)
  region size 1024K, 2 young (2048K), 2 survivors (2048K)
 Metaspace       used 22077K, capacity 22838K, committed 23088K, reserved 1069056K
  class space    used 2308K, capacity 2563K, committed 2688K, reserved 1048576K
}
Event: 4206.520 GC heap before
{Heap before GC invocations=5 (full 0):
 garbage-first heap   total 131072K, used 32724K [0x00000000c1c00000, 0x0000000100000000)
  region size 1024K, 27 young (27648K), 2 survivors (2048K)
 Metaspace       used 22467K, capacity 23216K, committed 23344K, reserved 1071104K
  class space    used 2314K, capacity 2573K, committed 2688K, reserved 1048576K
}
Event: 4206.553 GC heap after
{Heap after GC invocations=6 (full 1):
 garbage-first heap   total 131072K, used 7463K [0x00000000c1c00000, 0x0000000100000000)
  region size 1024K, 0 young (0K), 0 survivors (0K)
 Metaspace       used 22463K, capacity 23210K, committed 23344K, reserved 1071104K
  class space    used 2312K, capacity 2571K, committed 2688K, reserved 1048576K
}

Deoptimization events (20 events):
Event: 600.104 Thread 0x00000182b5de2800 DEOPT PACKING pc=0x00000182a86f6fc4 sp=0x00000078339fac90
Event: 600.104 Thread 0x00000182b5de2800 DEOPT UNPACKING pc=0x00000182a0bb85af sp=0x00000078339fac08 mode 2
Event: 600.115 Thread 0x00000182b5de2800 DEOPT PACKING pc=0x00000182a1624d7b sp=0x00000078339fa430
Event: 600.115 Thread 0x00000182b5de2800 DEOPT UNPACKING pc=0x00000182a0bf9d0e sp=0x00000078339f9888 mode 0
Event: 600.144 Thread 0x00000182b5de2800 Uncommon trap: trap_request=0xffffffc6 fr.pc=0x00000182a8706d2c relative=0x00000000000003cc
Event: 600.144 Thread 0x00000182b5de2800 Uncommon trap: reason=bimorphic_or_optimized_type_check action=maybe_recompile pc=0x00000182a8706d2c method=java.util.regex.Pattern$SliceI.match(Ljava/util/regex/Matcher;ILjava/lang/CharSequence;)Z @ 92 c2
Event: 600.144 Thread 0x00000182b5de2800 DEOPT PACKING pc=0x00000182a8706d2c sp=0x00000078339fafc0
Event: 600.144 Thread 0x00000182b5de2800 DEOPT UNPACKING pc=0x00000182a0bb85af sp=0x00000078339faf68 mode 2
Event: 680.712 Thread 0x00000182b5de2800 Uncommon trap: trap_request=0xffffffc6 fr.pc=0x00000182a8706d2c relative=0x00000000000003cc
Event: 680.712 Thread 0x00000182b5de2800 Uncommon trap: reason=bimorphic_or_optimized_type_check action=maybe_recompile pc=0x00000182a8706d2c method=java.util.regex.Pattern$SliceI.match(Ljava/util/regex/Matcher;ILjava/lang/CharSequence;)Z @ 92 c2
Event: 680.712 Thread 0x00000182b5de2800 DEOPT PACKING pc=0x00000182a8706d2c sp=0x00000078339fafc0
Event: 680.712 Thread 0x00000182b5de2800 DEOPT UNPACKING pc=0x00000182a0bb85af sp=0x00000078339faf68 mode 2
Event: 680.800 Thread 0x00000182b5de2800 DEOPT PACKING pc=0x00000182a1543032 sp=0x00000078339fb960
Event: 680.800 Thread 0x00000182b5de2800 DEOPT UNPACKING pc=0x00000182a0bf9d0e sp=0x00000078339fad78 mode 0
Event: 680.832 Thread 0x00000182b5de2800 DEOPT PACKING pc=0x00000182a1302984 sp=0x00000078339fb590
Event: 680.832 Thread 0x00000182b5de2800 DEOPT UNPACKING pc=0x00000182a0bf9d0e sp=0x00000078339faa48 mode 0
Event: 6636.875 Thread 0x00000182b5de2800 Uncommon trap: trap_request=0xffffffcc fr.pc=0x00000182a8821c30 relative=0x0000000000002e30
Event: 6636.875 Thread 0x00000182b5de2800 Uncommon trap: reason=intrinsic_or_type_checked_inlining action=make_not_entrant pc=0x00000182a8821c30 method=java.util.ArrayList.toArray([Ljava/lang/Object;)[Ljava/lang/Object; @ 36 c2
Event: 6636.875 Thread 0x00000182b5de2800 DEOPT PACKING pc=0x00000182a8821c30 sp=0x00000078339fb5f0
Event: 6636.877 Thread 0x00000182b5de2800 DEOPT UNPACKING pc=0x00000182a0bb85af sp=0x00000078339fb450 mode 2

Classes redefined (0 events):
No events

Internal exceptions (20 events):
Event: 0.593 Thread 0x00000182b69ba800 Exception <a 'java/lang/NoSuchMethodError'{0x00000000c9148f20}: 'java.lang.Object java.lang.invoke.DelegatingMethodHandle$Holder.reinvoke_L(java.lang.Object, int, java.lang.Object)'> (0x00000000c9148f20) thrown at [./src/hotspot/share/interpreter/linkResolver.cpp, line 773]
Event: 0.652 Thread 0x00000182b5de2800 Exception <a 'java/lang/NoSuchMethodError'{0x00000000c90278e8}: <clinit>> (0x00000000c90278e8) thrown at [./src/hotspot/share/prims/jni.cpp, line 1365]
Event: 0.733 Thread 0x00000182b5de2800 Exception <a 'java/lang/NoSuchMethodError'{0x00000000c8e41498}: 'int java.lang.invoke.DirectMethodHandle$Holder.invokeSpecialIFC(java.lang.Object, java.lang.Object, int)'> (0x00000000c8e41498) thrown at [./src/hotspot/share/interpreter/linkResolver.cpp, line 773]
Event: 0.776 Thread 0x00000182b5de2800 Exception <a 'java/lang/NoSuchMethodError'{0x00000000c8d3df40}: 'java.lang.Object java.lang.invoke.DirectMethodHandle$Holder.invokeVirtual(java.lang.Object, java.lang.Object, java.lang.Object)'> (0x00000000c8d3df40) thrown at [./src/hotspot/share/interpreter/linkResolver.cpp, line 773]
Event: 0.869 Thread 0x00000182b5de2800 Exception <a 'java/lang/NoSuchMethodError'{0x00000000c899fac0}: 'void java.lang.invoke.DirectMethodHandle$Holder.invokeStaticInit(java.lang.Object, java.lang.Object)'> (0x00000000c899fac0) thrown at [./src/hotspot/share/interpreter/linkResolver.cpp, line 773]
Event: 1.732 Thread 0x00000182b5de2800 Exception <a 'sun/nio/fs/WindowsException'{0x00000000c86c4a60}> (0x00000000c86c4a60) thrown at [./src/hotspot/share/prims/jni.cpp, line 615]
Event: 1.905 Thread 0x00000182b5de2800 Exception <a 'java/lang/NoSuchMethodError'{0x00000000c86e5268}: 'int java.lang.invoke.DirectMethodHandle$Holder.invokeStaticInit(java.lang.Object, java.lang.Object, java.lang.Object, java.lang.Object)'> (0x00000000c86e5268) thrown at [./src/hotspot/share/interpreter/linkResolver.cpp, line 773]
Event: 1.914 Thread 0x00000182b5de2800 Exception <a 'java/lang/IncompatibleClassChangeError'{0x00000000c86ee498}: Found class java.lang.Object, but interface was expected> (0x00000000c86ee498) thrown at [./src/hotspot/share/interpreter/linkResolver.cpp, line 839]
Event: 1.926 Thread 0x00000182b5de2800 Exception <a 'java/lang/NoSuchMethodError'{0x00000000c86f3a58}: 'int java.lang.invoke.DirectMethodHandle$Holder.invokeStaticInit(java.lang.Object, java.lang.Object)'> (0x00000000c86f3a58) thrown at [./src/hotspot/share/interpreter/linkResolver.cpp, line 773]
Event: 7.421 Thread 0x00000182b5de2800 Implicit null exception at 0x00000182a86bd3f7 to 0x00000182a86bd8f8
Event: 7.422 Thread 0x00000182b5de2800 Implicit null exception at 0x00000182a86c1b74 to 0x00000182a86c2094
Event: 11.134 Thread 0x00000182b5de2800 Exception <a 'java/lang/NoSuchMethodError'{0x00000000c9999ef8}: <clinit>> (0x00000000c9999ef8) thrown at [./src/hotspot/share/prims/jni.cpp, line 1365]
Event: 11.149 Thread 0x00000182b5de2800 Exception <a 'java/lang/NoSuchMethodError'{0x00000000c99a67c0}: <clinit>> (0x00000000c99a67c0) thrown at [./src/hotspot/share/prims/jni.cpp, line 1365]
Event: 11.638 Thread 0x00000182b5de2800 Exception <a 'java/lang/NoSuchMethodError'{0x00000000c98bfef8}: <clinit>> (0x00000000c98bfef8) thrown at [./src/hotspot/share/prims/jni.cpp, line 1365]
Event: 11.652 Thread 0x00000182b5de2800 Exception <a 'java/lang/NoSuchMethodError'{0x00000000c98cb028}: <clinit>> (0x00000000c98cb028) thrown at [./src/hotspot/share/prims/jni.cpp, line 1365]
Event: 11.664 Thread 0x00000182b5de2800 Exception <a 'java/lang/NoSuchMethodError'{0x00000000c98d5e30}: <clinit>> (0x00000000c98d5e30) thrown at [./src/hotspot/share/prims/jni.cpp, line 1365]
Event: 12.014 Thread 0x00000182b5de2800 Exception <a 'java/lang/NoSuchMethodError'{0x00000000c973dd68}: <clinit>> (0x00000000c973dd68) thrown at [./src/hotspot/share/prims/jni.cpp, line 1365]
Event: 13.126 Thread 0x00000182b5de2800 Exception <a 'java/lang/NoSuchMethodError'{0x00000000c96b3088}: <clinit>> (0x00000000c96b3088) thrown at [./src/hotspot/share/prims/jni.cpp, line 1365]
Event: 17.745 Thread 0x00000182b5de2800 Exception <a 'java/net/SocketException'{0x00000000c8d513c8}: Software caused connection abort: socket write error> (0x00000000c8d513c8) thrown at [./src/hotspot/share/prims/jni.cpp, line 636]
Event: 600.266 Thread 0x00000182b5de2800 Exception <a 'java/lang/NoSuchMethodError'{0x00000000c8648470}: <clinit>> (0x00000000c8648470) thrown at [./src/hotspot/share/prims/jni.cpp, line 1365]

Events (20 events):
Event: 708.307 Executing VM operation: RevokeBias done
Event: 708.308 Thread 0x00000182b5ed7000 Thread exited: 0x00000182b5ed7000
Event: 708.308 Thread 0x00000182b5ed4800 Thread added: 0x00000182b5ed4800
Event: 708.308 Thread 0x00000182b5ed5000 Thread added: 0x00000182b5ed5000
Event: 708.308 Thread 0x00000182b5ed6000 Thread added: 0x00000182b5ed6000
Event: 708.308 Executing VM operation: RevokeBias
Event: 708.308 Executing VM operation: RevokeBias done
Event: 708.308 Executing VM operation: RevokeBias
Event: 708.308 Executing VM operation: RevokeBias done
Event: 708.308 Executing VM operation: RevokeBias
Event: 708.308 Executing VM operation: RevokeBias done
Event: 708.308 Thread 0x00000182b5ed4800 Thread exited: 0x00000182b5ed4800
Event: 708.308 Executing VM operation: RevokeBias
Event: 708.308 Executing coalesced safepoint VM operation: RevokeBias
Event: 708.308 Executing coalesced safepoint VM operation: RevokeBias done
Event: 708.308 Executing VM operation: RevokeBias done
Event: 708.308 Thread 0x00000182b5ed5000 Thread exited: 0x00000182b5ed5000
Event: 708.308 Thread 0x00000182b5ed6000 Thread exited: 0x00000182b5ed6000
Event: 4206.519 Executing VM operation: G1CollectFull
Event: 4206.553 Executing VM operation: G1CollectFull done


Dynamic libraries:
0x00007ff7c2ae0000 - 0x00007ff7c2aea000 	C:\Program Files\JetBrains\IntelliJ IDEA 2021.2.3\jbr\bin\java.exe
0x00007ffe9e0d0000 - 0x00007ffe9e2c8000 	C:\Windows\SYSTEM32\ntdll.dll
0x00007ffe9de50000 - 0x00007ffe9df0f000 	C:\Windows\System32\KERNEL32.DLL
0x00007ffe9bab0000 - 0x00007ffe9bd82000 	C:\Windows\System32\KERNELBASE.dll
0x00007ffe9bd90000 - 0x00007ffe9be90000 	C:\Windows\System32\ucrtbase.dll
0x00007ffe95a00000 - 0x00007ffe95a19000 	C:\Program Files\JetBrains\IntelliJ IDEA 2021.2.3\jbr\bin\jli.dll
0x00007ffe82440000 - 0x00007ffe82457000 	C:\Program Files\JetBrains\IntelliJ IDEA 2021.2.3\jbr\bin\VCRUNTIME140.dll
0x00007ffe9d690000 - 0x00007ffe9d831000 	C:\Windows\System32\USER32.dll
0x00007ffe9bf20000 - 0x00007ffe9bf42000 	C:\Windows\System32\win32u.dll
0x00007ffe9c8a0000 - 0x00007ffe9c8cb000 	C:\Windows\System32\GDI32.dll
0x00007ffe9b8f0000 - 0x00007ffe9b9ff000 	C:\Windows\System32\gdi32full.dll
0x00007ffe81dd0000 - 0x00007ffe8206a000 	C:\Windows\WinSxS\amd64_microsoft.windows.common-controls_6595b64144ccf1df_6.0.19041.1110_none_60b5254171f9507e\COMCTL32.dll
0x00007ffe9b820000 - 0x00007ffe9b8bd000 	C:\Windows\System32\msvcp_win.dll
0x00007ffe9c930000 - 0x00007ffe9c9ce000 	C:\Windows\System32\msvcrt.dll
0x00007ffe9d530000 - 0x00007ffe9d560000 	C:\Windows\System32\IMM32.DLL
0x00007ffe73550000 - 0x00007ffe735ed000 	C:\Program Files\JetBrains\IntelliJ IDEA 2021.2.3\jbr\bin\msvcp140.dll
0x00007ffe5b6b0000 - 0x00007ffe5c208000 	C:\Program Files\JetBrains\IntelliJ IDEA 2021.2.3\jbr\bin\server\jvm.dll
0x00007ffe9c590000 - 0x00007ffe9c63e000 	C:\Windows\System32\ADVAPI32.dll
0x00007ffe9dff0000 - 0x00007ffe9e08c000 	C:\Windows\System32\sechost.dll
0x00007ffe9c9d0000 - 0x00007ffe9caf4000 	C:\Windows\System32\RPCRT4.dll
0x00007ffe9dba0000 - 0x00007ffe9dba8000 	C:\Windows\System32\PSAPI.DLL
0x00007ffe951a0000 - 0x00007ffe951aa000 	C:\Windows\SYSTEM32\VERSION.dll
0x00007ffe7bdd0000 - 0x00007ffe7bdd9000 	C:\Windows\SYSTEM32\WSOCK32.dll
0x00007ffe7eaa0000 - 0x00007ffe7eac7000 	C:\Windows\SYSTEM32\WINMM.dll
0x00007ffe9dd60000 - 0x00007ffe9ddcb000 	C:\Windows\System32\WS2_32.dll
0x00007ffe99870000 - 0x00007ffe99882000 	C:\Windows\SYSTEM32\kernel.appcore.dll
0x00007ffe98bf0000 - 0x00007ffe98c01000 	C:\Program Files\JetBrains\IntelliJ IDEA 2021.2.3\jbr\bin\verify.dll
0x00007ffe99590000 - 0x00007ffe99774000 	C:\Windows\SYSTEM32\DBGHELP.DLL
0x00007ffe7c120000 - 0x00007ffe7c155000 	C:\Windows\SYSTEM32\dbgcore.DLL
0x00007ffe9be90000 - 0x00007ffe9bf12000 	C:\Windows\System32\bcryptPrimitives.dll
0x00007ffe96e90000 - 0x00007ffe96eb9000 	C:\Program Files\JetBrains\IntelliJ IDEA 2021.2.3\jbr\bin\java.dll
0x00007ffe98be0000 - 0x00007ffe98beb000 	C:\Program Files\JetBrains\IntelliJ IDEA 2021.2.3\jbr\bin\jimage.dll
0x00007ffe959e0000 - 0x00007ffe959f8000 	C:\Program Files\JetBrains\IntelliJ IDEA 2021.2.3\jbr\bin\zip.dll
0x00007ffe9cb00000 - 0x00007ffe9d245000 	C:\Windows\System32\SHELL32.dll
0x00007ffe99890000 - 0x00007ffe9a022000 	C:\Windows\SYSTEM32\windows.storage.dll
0x00007ffe9d840000 - 0x00007ffe9db95000 	C:\Windows\System32\combase.dll
0x00007ffe9b230000 - 0x00007ffe9b260000 	C:\Windows\SYSTEM32\Wldp.dll
0x00007ffe9d380000 - 0x00007ffe9d42d000 	C:\Windows\System32\SHCORE.dll
0x00007ffe9d560000 - 0x00007ffe9d5b5000 	C:\Windows\System32\shlwapi.dll
0x00007ffe9b710000 - 0x00007ffe9b72f000 	C:\Windows\SYSTEM32\profapi.dll
0x00007ffe959c0000 - 0x00007ffe959da000 	C:\Program Files\JetBrains\IntelliJ IDEA 2021.2.3\jbr\bin\net.dll
0x00007ffe8db40000 - 0x00007ffe8dc4a000 	C:\Windows\SYSTEM32\WINHTTP.dll
0x00007ffe9af90000 - 0x00007ffe9affa000 	C:\Windows\system32\mswsock.dll
0x00007ffe907f0000 - 0x00007ffe90804000 	C:\Program Files\JetBrains\IntelliJ IDEA 2021.2.3\jbr\bin\nio.dll
0x00007ffe9b180000 - 0x00007ffe9b198000 	C:\Windows\SYSTEM32\CRYPTSP.dll
0x00007ffe9a840000 - 0x00007ffe9a874000 	C:\Windows\system32\rsaenh.dll
0x00007ffe9b8c0000 - 0x00007ffe9b8e7000 	C:\Windows\System32\bcrypt.dll
0x00007ffe9b6d0000 - 0x00007ffe9b6fe000 	C:\Windows\SYSTEM32\USERENV.dll
0x00007ffe9b1a0000 - 0x00007ffe9b1ac000 	C:\Windows\SYSTEM32\CRYPTBASE.dll
0x00007ffe9ac30000 - 0x00007ffe9ac6b000 	C:\Windows\SYSTEM32\IPHLPAPI.DLL
0x00007ffe9d430000 - 0x00007ffe9d438000 	C:\Windows\System32\NSI.dll
0x00007ffe8f480000 - 0x00007ffe8f497000 	C:\Windows\SYSTEM32\dhcpcsvc6.DLL
0x00007ffe8f7f0000 - 0x00007ffe8f80d000 	C:\Windows\SYSTEM32\dhcpcsvc.DLL
0x00007ffe9ac70000 - 0x00007ffe9ad3b000 	C:\Windows\SYSTEM32\DNSAPI.dll
0x00007ffe96ec0000 - 0x00007ffe96ec8000 	C:\Program Files\JetBrains\IntelliJ IDEA 2021.2.3\jbr\bin\rmi.dll
0x00007ffe8f960000 - 0x00007ffe8f96a000 	C:\Windows\System32\rasadhlp.dll
0x00007ffe7f900000 - 0x00007ffe7f980000 	C:\Windows\System32\fwpuclnt.dll
0x00007ffe8fd90000 - 0x00007ffe8fdb8000 	C:\Program Files\JetBrains\IntelliJ IDEA 2021.2.3\jbr\bin\sunec.dll

dbghelp: loaded successfully - version: 4.0.5 - missing functions: none
symbol engine: initialized successfully - sym options: 0x614 - pdb path: .;C:\Program Files\JetBrains\IntelliJ IDEA 2021.2.3\jbr\bin;C:\Windows\SYSTEM32;C:\Windows\WinSxS\amd64_microsoft.windows.common-controls_6595b64144ccf1df_6.0.19041.1110_none_60b5254171f9507e;C:\Program Files\JetBrains\IntelliJ IDEA 2021.2.3\jbr\bin\server

VM Arguments:
jvm_args: -Djava.rmi.server.hostname=127.0.0.1 -Duser.timezone=UTC -Xmx996m -Xms128m -Dfile.encoding=UTF-8 
java_command: com.intellij.database.remote.RemoteJdbcServer com.mysql.cj.jdbc.Driver
java_class_path (initial): C:\Program Files\JetBrains\IntelliJ IDEA 2021.2.3\lib\util.jar;C:\Program Files\JetBrains\IntelliJ IDEA 2021.2.3\lib\groovy-2.5.14.jar;C:\Program Files\JetBrains\IntelliJ IDEA 2021.2.3\plugins\DatabaseTools\lib\jdbc-console.jar;C:\Users\User\AppData\Roaming\JetBrains\IntelliJIdea2021.2\jdbc-drivers\MySQL ConnectorJ\8.0.25\mysql-connector-java-8.0.25.jar
Launcher Type: SUN_STANDARD

[Global flags]
     intx CICompilerCount                          = 4                                         {product} {ergonomic}
     uint ConcGCThreads                            = 2                                         {product} {ergonomic}
     uint G1ConcRefinementThreads                  = 8                                         {product} {ergonomic}
   size_t G1HeapRegionSize                         = 1048576                                   {product} {ergonomic}
    uintx GCDrainStackTargetSize                   = 64                                        {product} {ergonomic}
   size_t InitialHeapSize                          = 134217728                                 {product} {command line}
   size_t MarkStackSize                            = 4194304                                   {product} {ergonomic}
   size_t MaxHeapSize                              = 1044381696                                {product} {command line}
   size_t MaxNewSize                               = 625999872                                 {product} {ergonomic}
   size_t MinHeapDeltaBytes                        = 1048576                                   {product} {ergonomic}
    uintx NonNMethodCodeHeapSize                   = 5836300                                {pd product} {ergonomic}
    uintx NonProfiledCodeHeapSize                  = 122910970                              {pd product} {ergonomic}
    uintx ProfiledCodeHeapSize                     = 122910970                              {pd product} {ergonomic}
    uintx ReservedCodeCacheSize                    = 251658240                              {pd product} {ergonomic}
     bool SegmentedCodeCache                       = true                                      {product} {ergonomic}
     bool UseCompressedClassPointers               = true                                 {lp64_product} {ergonomic}
     bool UseCompressedOops                        = true                                 {lp64_product} {ergonomic}
     bool UseG1GC                                  = true                                      {product} {ergonomic}
     bool UseLargePagesIndividualAllocation        = false                                  {pd product} {ergonomic}

Logging:
Log output configuration:
 #0: stdout all=warning uptime,level,tags
 #1: stderr all=off uptime,level,tags

Environment Variables:
PATH=C:\Program Files\Java\jdk-11.0.17\bin;C:\Program Files\apache-maven-3.9.0\bin;C:\Program Files\Common Files\Oracle\Java\javapath;C:\Program Files\Java\jdk1.8.0_291\bin;C:\Program Files\Git\bin;C:\Program Files (x86)\Common Files\Oracle\Java\javapath;C:\Windows\system32;C:\Windows;C:\Windows\System32\Wbem;C:\Windows\System32\WindowsPowerShell\v1.0\;C:\Windows\System32\OpenSSH\;C:\Program Files\PuTTY\;C:\Program Files\MySQL\MySQL Server 8.0\bin;C:\Program Files\Git\cmd;C:\Program Files\MySQL\MySQL Shell 8.0\bin\;C:\Program Files\Git\bin;C:\Users\User\AppData\Local\Microsoft\WindowsApps;C:\Program Files\JetBrains\IntelliJ IDEA 2021.2.3\bin;;C:\Users\User\AppData\Local\GitHubDesktop\bin;
USERNAME=User
OS=Windows_NT
PROCESSOR_IDENTIFIER=Intel64 Family 6 Model 126 Stepping 5, GenuineIntel



---------------  S Y S T E M  ---------------

OS: Windows 10 , 64 bit Build 19041 (10.0.19041.2546)
OS uptime: 1 days 12:34 hours

CPU:total 8 (initial active 8) (4 cores per cpu, 2 threads per core) family 6 model 126 stepping 5 microcode 0xa6, cmov, cx8, fxsr, mmx, sse, sse2, sse3, ssse3, sse4.1, sse4.2, popcnt, avx, avx2, aes, clmul, erms, 3dnowpref, lzcnt, ht, tsc, tscinvbit, bmi1, bmi2, adx, evex, sha, fma

Memory: 4k page, system-wide physical 7973M (1394M free)
TotalPageFile size 23159M (AvailPageFile size 1M)
current process WorkingSet (physical memory assigned to process): 21M, peak: 180M
current process commit charge ("private bytes"): 237M, peak: 310M

vm_info: OpenJDK 64-Bit Server VM (11.0.12+7-b1504.40) for windows-amd64 JRE (11.0.12+7-b1504.40), built on Sep 23 2021 14:38:03 by "" with MS VC++ 14.0 (VS2015)

END.
